Already on 'without-lsh'
Missing or invalid credentials.
Error: connect ENOENT /tmp/vscode-git-d585d619c9.sock
    at PipeConnectWrap.afterConnect [as oncomplete] (node:net:1278:16) {
  errno: -2,
  code: 'ENOENT',
  syscall: 'connect',
  address: '/tmp/vscode-git-d585d619c9.sock'
}
Missing or invalid credentials.
Error: connect ENOENT /tmp/vscode-git-d585d619c9.sock
    at PipeConnectWrap.afterConnect [as oncomplete] (node:net:1278:16) {
  errno: -2,
  code: 'ENOENT',
  syscall: 'connect',
  address: '/tmp/vscode-git-d585d619c9.sock'
}
remote: Repository not found.
fatal: Authentication failed for 'https://github.com/amalieur/master.git/'
[NbConvertApp] Converting notebook code/taxi-similarity-without-lsh.ipynb to notebook
0.03s - Debugger warning: It seems that frozen modules are being used, which may
0.00s - make the debugger miss breakpoints. Please pass -Xfrozen_modules=off
0.00s - to python to disable frozen modules.
0.00s - Note: Debugging will proceed. Set PYDEVD_DISABLE_FILE_VALIDATION=1 to disable this validation.
Traceback (most recent call last):
  File "/cluster/home/andrehva/.conda/envs/masteroppgave/bin/jupyter-nbconvert", line 8, in <module>
    sys.exit(main())
             ^^^^^^
  File "/cluster/home/andrehva/.conda/envs/masteroppgave/lib/python3.12/site-packages/jupyter_core/application.py", line 280, in launch_instance
    super().launch_instance(argv=argv, **kwargs)
  File "/cluster/home/andrehva/.conda/envs/masteroppgave/lib/python3.12/site-packages/traitlets/config/application.py", line 992, in launch_instance
    app.start()
  File "/cluster/home/andrehva/.conda/envs/masteroppgave/lib/python3.12/site-packages/nbconvert/nbconvertapp.py", line 420, in start
    self.convert_notebooks()
  File "/cluster/home/andrehva/.conda/envs/masteroppgave/lib/python3.12/site-packages/nbconvert/nbconvertapp.py", line 597, in convert_notebooks
    self.convert_single_notebook(notebook_filename)
  File "/cluster/home/andrehva/.conda/envs/masteroppgave/lib/python3.12/site-packages/nbconvert/nbconvertapp.py", line 563, in convert_single_notebook
    output, resources = self.export_single_notebook(
                        ^^^^^^^^^^^^^^^^^^^^^^^^^^^^
  File "/cluster/home/andrehva/.conda/envs/masteroppgave/lib/python3.12/site-packages/nbconvert/nbconvertapp.py", line 487, in export_single_notebook
    output, resources = self.exporter.from_filename(
                        ^^^^^^^^^^^^^^^^^^^^^^^^^^^^
  File "/cluster/home/andrehva/.conda/envs/masteroppgave/lib/python3.12/site-packages/nbconvert/exporters/exporter.py", line 201, in from_filename
    return self.from_file(f, resources=resources, **kw)
           ^^^^^^^^^^^^^^^^^^^^^^^^^^^^^^^^^^^^^^^^^^^^
  File "/cluster/home/andrehva/.conda/envs/masteroppgave/lib/python3.12/site-packages/nbconvert/exporters/exporter.py", line 220, in from_file
    return self.from_notebook_node(
           ^^^^^^^^^^^^^^^^^^^^^^^^
  File "/cluster/home/andrehva/.conda/envs/masteroppgave/lib/python3.12/site-packages/nbconvert/exporters/notebook.py", line 36, in from_notebook_node
    nb_copy, resources = super().from_notebook_node(nb, resources, **kw)
                         ^^^^^^^^^^^^^^^^^^^^^^^^^^^^^^^^^^^^^^^^^^^^^^^
  File "/cluster/home/andrehva/.conda/envs/masteroppgave/lib/python3.12/site-packages/nbconvert/exporters/exporter.py", line 154, in from_notebook_node
    nb_copy, resources = self._preprocess(nb_copy, resources)
                         ^^^^^^^^^^^^^^^^^^^^^^^^^^^^^^^^^^^^
  File "/cluster/home/andrehva/.conda/envs/masteroppgave/lib/python3.12/site-packages/nbconvert/exporters/exporter.py", line 353, in _preprocess
    nbc, resc = preprocessor(nbc, resc)
                ^^^^^^^^^^^^^^^^^^^^^^^
  File "/cluster/home/andrehva/.conda/envs/masteroppgave/lib/python3.12/site-packages/nbconvert/preprocessors/base.py", line 48, in __call__
    return self.preprocess(nb, resources)
           ^^^^^^^^^^^^^^^^^^^^^^^^^^^^^^
  File "/cluster/home/andrehva/.conda/envs/masteroppgave/lib/python3.12/site-packages/nbconvert/preprocessors/execute.py", line 103, in preprocess
    self.preprocess_cell(cell, resources, index)
  File "/cluster/home/andrehva/.conda/envs/masteroppgave/lib/python3.12/site-packages/nbconvert/preprocessors/execute.py", line 124, in preprocess_cell
    cell = self.execute_cell(cell, index, store_history=True)
           ^^^^^^^^^^^^^^^^^^^^^^^^^^^^^^^^^^^^^^^^^^^^^^^^^^
  File "/cluster/home/andrehva/.conda/envs/masteroppgave/lib/python3.12/site-packages/jupyter_core/utils/__init__.py", line 173, in wrapped
    return loop.run_until_complete(inner)
           ^^^^^^^^^^^^^^^^^^^^^^^^^^^^^^
  File "/cluster/home/andrehva/.conda/envs/masteroppgave/lib/python3.12/asyncio/base_events.py", line 684, in run_until_complete
    return future.result()
           ^^^^^^^^^^^^^^^
  File "/cluster/home/andrehva/.conda/envs/masteroppgave/lib/python3.12/site-packages/nbclient/client.py", line 1062, in async_execute_cell
    await self._check_raise_for_error(cell, cell_index, exec_reply)
  File "/cluster/home/andrehva/.conda/envs/masteroppgave/lib/python3.12/site-packages/nbclient/client.py", line 918, in _check_raise_for_error
    raise CellExecutionError.from_cell_and_msg(cell, exec_reply_content)
nbclient.exceptions.CellExecutionError: An error occurred while executing the following cell:
------------------
%run "results-visualisation.ipynb"
------------------


[0;31m---------------------------------------------------------------------------[0m
[0;31mIndexError[0m                                Traceback (most recent call last)
Cell [0;32mIn[5], line 1[0m
[0;32m----> 1[0m get_ipython()[38;5;241m.[39mrun_line_magic([38;5;124m'[39m[38;5;124mrun[39m[38;5;124m'[39m, [38;5;124m'[39m[38;5;124m"[39m[38;5;124mresults-visualisation.ipynb[39m[38;5;124m"[39m[38;5;124m'[39m)

File [0;32m~/.conda/envs/masteroppgave/lib/python3.12/site-packages/IPython/core/interactiveshell.py:2456[0m, in [0;36mInteractiveShell.run_line_magic[0;34m(self, magic_name, line, _stack_depth)[0m
[1;32m   2454[0m     kwargs[[38;5;124m'[39m[38;5;124mlocal_ns[39m[38;5;124m'[39m] [38;5;241m=[39m [38;5;28mself[39m[38;5;241m.[39mget_local_scope(stack_depth)
[1;32m   2455[0m [38;5;28;01mwith[39;00m [38;5;28mself[39m[38;5;241m.[39mbuiltin_trap:
[0;32m-> 2456[0m     result [38;5;241m=[39m fn([38;5;241m*[39margs, [38;5;241m*[39m[38;5;241m*[39mkwargs)
[1;32m   2458[0m [38;5;66;03m# The code below prevents the output from being displayed[39;00m
[1;32m   2459[0m [38;5;66;03m# when using magics with decorator @output_can_be_silenced[39;00m
[1;32m   2460[0m [38;5;66;03m# when the last Python token in the expression is a ';'.[39;00m
[1;32m   2461[0m [38;5;28;01mif[39;00m [38;5;28mgetattr[39m(fn, magic[38;5;241m.[39mMAGIC_OUTPUT_CAN_BE_SILENCED, [38;5;28;01mFalse[39;00m):

File [0;32m~/.conda/envs/masteroppgave/lib/python3.12/site-packages/IPython/core/magics/execution.py:737[0m, in [0;36mExecutionMagics.run[0;34m(self, parameter_s, runner, file_finder)[0m
[1;32m    735[0m     [38;5;28;01mwith[39;00m preserve_keys([38;5;28mself[39m[38;5;241m.[39mshell[38;5;241m.[39muser_ns, [38;5;124m'[39m[38;5;124m__file__[39m[38;5;124m'[39m):
[1;32m    736[0m         [38;5;28mself[39m[38;5;241m.[39mshell[38;5;241m.[39muser_ns[[38;5;124m'[39m[38;5;124m__file__[39m[38;5;124m'[39m] [38;5;241m=[39m filename
[0;32m--> 737[0m         [38;5;28mself[39m[38;5;241m.[39mshell[38;5;241m.[39msafe_execfile_ipy(filename, raise_exceptions[38;5;241m=[39m[38;5;28;01mTrue[39;00m)
[1;32m    738[0m     [38;5;28;01mreturn[39;00m
[1;32m    740[0m [38;5;66;03m# Control the response to exit() calls made by the script being run[39;00m

File [0;32m~/.conda/envs/masteroppgave/lib/python3.12/site-packages/IPython/core/interactiveshell.py:2981[0m, in [0;36mInteractiveShell.safe_execfile_ipy[0;34m(self, fname, shell_futures, raise_exceptions)[0m
[1;32m   2979[0m result [38;5;241m=[39m [38;5;28mself[39m[38;5;241m.[39mrun_cell(cell, silent[38;5;241m=[39m[38;5;28;01mTrue[39;00m, shell_futures[38;5;241m=[39mshell_futures)
[1;32m   2980[0m [38;5;28;01mif[39;00m raise_exceptions:
[0;32m-> 2981[0m     result[38;5;241m.[39mraise_error()
[1;32m   2982[0m [38;5;28;01melif[39;00m [38;5;129;01mnot[39;00m result[38;5;241m.[39msuccess:
[1;32m   2983[0m     [38;5;28;01mbreak[39;00m

File [0;32m~/.conda/envs/masteroppgave/lib/python3.12/site-packages/IPython/core/interactiveshell.py:294[0m, in [0;36mExecutionResult.raise_error[0;34m(self)[0m
[1;32m    292[0m     [38;5;28;01mraise[39;00m [38;5;28mself[39m[38;5;241m.[39merror_before_exec
[1;32m    293[0m [38;5;28;01mif[39;00m [38;5;28mself[39m[38;5;241m.[39merror_in_exec [38;5;129;01mis[39;00m [38;5;129;01mnot[39;00m [38;5;28;01mNone[39;00m:
[0;32m--> 294[0m     [38;5;28;01mraise[39;00m [38;5;28mself[39m[38;5;241m.[39merror_in_exec

    [0;31m[... skipping hidden 1 frame][0m

File [0;32m/tmp/ipykernel_2348021/3207935021.py:9[0m
[1;32m      6[0m     hvplot[38;5;241m.[39msave(plot, [38;5;124mf[39m[38;5;124m"[39m[38;5;132;01m{[39;00mpath_to_results_folder[38;5;132;01m}[39;00m[38;5;124m/plots/plot-match-[39m[38;5;132;01m{[39;00mi[38;5;132;01m}[39;00m[38;5;124m.html[39m[38;5;124m"[39m)
[1;32m      8[0m [38;5;28;01mfor[39;00m i [38;5;129;01min[39;00m [38;5;28mrange[39m([38;5;28mlen[39m(not_match_list)):
[0;32m----> 9[0m     plot [38;5;241m=[39m plot_result([38;5;124mf[39m[38;5;124m"[39m[38;5;132;01m{[39;00mpath_to_results_folder[38;5;132;01m}[39;00m[38;5;124m/lists/[39m[38;5;132;01m{[39;00mnot_match_list[i][38;5;132;01m}[39;00m[38;5;124m"[39m)
[1;32m     10[0m     hvplot[38;5;241m.[39msave(plot, [38;5;124mf[39m[38;5;124m"[39m[38;5;132;01m{[39;00mpath_to_results_folder[38;5;132;01m}[39;00m[38;5;124m/plots/plot-no-match-[39m[38;5;132;01m{[39;00mi[38;5;132;01m}[39;00m[38;5;124m.html[39m[38;5;124m"[39m)

File [0;32m/tmp/ipykernel_2348021/849601617.py:19[0m, in [0;36mplot_result[0;34m(path_to_file)[0m
[1;32m     15[0m trajs [38;5;241m=[39m mpd[38;5;241m.[39mTrajectoryCollection(gpd[38;5;241m.[39mGeoDataFrame(new_df, crs[38;5;241m=[39m[38;5;241m4326[39m), traj_id_col[38;5;241m=[39m[38;5;124m'[39m[38;5;124mINDEX[39m[38;5;124m'[39m, t[38;5;241m=[39m[38;5;124m'[39m[38;5;124mdatetime[39m[38;5;124m'[39m)
[1;32m     17[0m [38;5;66;03m# Add hover_cols if we want to display INDEX when hovering over each trajectory[39;00m
[0;32m---> 19[0m plot [38;5;241m=[39m trajs[38;5;241m.[39mhvplot(title[38;5;241m=[39m[38;5;124m'[39m[38;5;124mTaxi Trajectory Data[39m[38;5;124m'[39m, tiles[38;5;241m=[39m[38;5;124m'[39m[38;5;124mCartoLight[39m[38;5;124m'[39m, x [38;5;241m=[39m [38;5;124m'[39m[38;5;124mx[39m[38;5;124m'[39m, y [38;5;241m=[39m [38;5;124m'[39m[38;5;124my[39m[38;5;124m'[39m, hover_cols[38;5;241m=[39m[[38;5;124m'[39m[38;5;124mINDEX[39m[38;5;124m'[39m])
[1;32m     21[0m [38;5;28;01mreturn[39;00m plot

File [0;32m~/.conda/envs/masteroppgave/lib/python3.12/site-packages/movingpandas/trajectory_collection.py:700[0m, in [0;36mTrajectoryCollection.hvplot[0;34m(self, *args, **kwargs)[0m
[1;32m    679[0m [38;5;28;01mdef[39;00m [38;5;21mhvplot[39m([38;5;28mself[39m, [38;5;241m*[39margs, [38;5;241m*[39m[38;5;241m*[39mkwargs):
[1;32m    680[0m [38;5;250m    [39m[38;5;124;03m"""[39;00m
[1;32m    681[0m [38;5;124;03m    Generate an interactive plot.[39;00m
[1;32m    682[0m 
[0;32m   (...)[0m
[1;32m    698[0m [38;5;124;03m                          colorbar=True)[39;00m
[1;32m    699[0m [38;5;124;03m    """[39;00m  [38;5;66;03m# noqa: E501[39;00m
[0;32m--> 700[0m     [38;5;28;01mreturn[39;00m _TrajectoryPlotter([38;5;28mself[39m, [38;5;241m*[39margs, [38;5;241m*[39m[38;5;241m*[39mkwargs)[38;5;241m.[39mhvplot()

File [0;32m~/.conda/envs/masteroppgave/lib/python3.12/site-packages/movingpandas/trajectory_plotter.py:122[0m, in [0;36m_TrajectoryPlotter.hvplot[0;34m(self)[0m
[1;32m    118[0m [38;5;28mself[39m[38;5;241m.[39mcolor [38;5;241m=[39m [38;5;28mself[39m[38;5;241m.[39mkwargs[38;5;241m.[39mpop([38;5;124m"[39m[38;5;124mcolor[39m[38;5;124m"[39m, [38;5;28;01mNone[39;00m)
[1;32m    120[0m tc [38;5;241m=[39m [38;5;28mself[39m[38;5;241m.[39mpreprocess_data()
[0;32m--> 122[0m plot [38;5;241m=[39m [38;5;28mself[39m[38;5;241m.[39mhvplot_lines(tc)
[1;32m    123[0m [38;5;28;01mif[39;00m [38;5;28mself[39m[38;5;241m.[39mmarker_size [38;5;241m>[39m [38;5;241m0[39m:
[1;32m    124[0m     plot [38;5;241m=[39m plot [38;5;241m*[39m [38;5;28mself[39m[38;5;241m.[39mhvplot_end_points(tc)

File [0;32m~/.conda/envs/masteroppgave/lib/python3.12/site-packages/movingpandas/trajectory_plotter.py:196[0m, in [0;36m_TrajectoryPlotter.hvplot_lines[0;34m(self, tc)[0m
[1;32m    193[0m cols [38;5;241m=[39m [38;5;28mlist[39m([38;5;28mset[39m(cols))
[1;32m    195[0m [38;5;28;01mif[39;00m [38;5;28mself[39m[38;5;241m.[39mcolumn [38;5;129;01mis[39;00m [38;5;28;01mNone[39;00m:
[0;32m--> 196[0m     [38;5;28;01mreturn[39;00m [38;5;28mself[39m[38;5;241m.[39mhvplot_traj_gdf(tc)
[1;32m    197[0m [38;5;28;01melse[39;00m:
[1;32m    198[0m     [38;5;28;01mreturn[39;00m [38;5;28mself[39m[38;5;241m.[39mhvplot_line_gdf(tc, cols)

File [0;32m~/.conda/envs/masteroppgave/lib/python3.12/site-packages/movingpandas/trajectory_plotter.py:222[0m, in [0;36m_TrajectoryPlotter.hvplot_traj_gdf[0;34m(self, tc)[0m
[1;32m    216[0m [38;5;28;01mfor[39;00m i [38;5;129;01min[39;00m [38;5;28mrange[39m([38;5;28mlen[39m(traj_gdf)):
[1;32m    217[0m     tmp [38;5;241m=[39m traj_gdf[38;5;241m.[39miloc[i : i [38;5;241m+[39m [38;5;241m1[39m, :]
[1;32m    218[0m     tmp [38;5;241m=[39m tmp[38;5;241m.[39mhvplot(
[1;32m    219[0m         line_width[38;5;241m=[39m[38;5;28mself[39m[38;5;241m.[39mline_width,
[1;32m    220[0m         geo[38;5;241m=[39m[38;5;28mself[39m[38;5;241m.[39mhvplot_is_geo,
[1;32m    221[0m         tiles[38;5;241m=[39m[38;5;28mself[39m[38;5;241m.[39mhvplot_tiles,
[0;32m--> 222[0m         color[38;5;241m=[39m[38;5;28mself[39m[38;5;241m.[39mget_color(i),
[1;32m    223[0m         colorbar[38;5;241m=[39m[38;5;28mself[39m[38;5;241m.[39mcolorbar,
[1;32m    224[0m         [38;5;241m*[39m[38;5;28mself[39m[38;5;241m.[39margs,
[1;32m    225[0m         [38;5;241m*[39m[38;5;241m*[39m[38;5;28mself[39m[38;5;241m.[39mkwargs
[1;32m    226[0m     )
[1;32m    227[0m     [38;5;28mself[39m[38;5;241m.[39mhvplot_tiles [38;5;241m=[39m [38;5;28;01mNone[39;00m
[1;32m    228[0m     plots[38;5;241m.[39mappend(tmp)

File [0;32m~/.conda/envs/masteroppgave/lib/python3.12/site-packages/movingpandas/trajectory_plotter.py:204[0m, in [0;36m_TrajectoryPlotter.get_color[0;34m(self, i)[0m
[1;32m    202[0m     [38;5;28;01mreturn[39;00m [38;5;28mself[39m[38;5;241m.[39mcolor
[1;32m    203[0m [38;5;28;01melse[39;00m:
[0;32m--> 204[0m     [38;5;28;01mreturn[39;00m [38;5;28mself[39m[38;5;241m.[39mMPD_PALETTE[i]

[0;31mIndexError[0m: list index out of range

Traceback (most recent call last):
  File "/cluster/home/andrehva/master/code/taxi-similarity-without-lsh.py", line 51, in <module>
    measure_time_used_to_run_notebook(path_to_notebook, output_path+output_file_name)
  File "/cluster/home/andrehva/master/code/taxi-similarity-without-lsh.py", line 36, in measure_time_used_to_run_notebook
    for filename in os.listdir(folder_path):
                    ^^^^^^^^^^^^^^^^^^^^^^^
FileNotFoundError: [Errno 2] No such file or directory: 'data/hashed_data/subset-2500-no-lsh'
